<?xml version="1.0" encoding="UTF-8"?>
<!-- Generated by org.testng.reporters.JUnitReportReporter -->
<testsuite hostname="DESKTOP-PNUJ0D3" failures="0" tests="3" name="TestNG.TestNG.ExtentReport.ExtentReportVersion4" time="3.123" errors="0" timestamp="2020-11-19T07:10:20 IST" skipped="0">
  <testcase classname="TestNG.TestNG.ExtentReport.ExtentReportVersion4" name="googleSearch" time="2.064"/>
  <system-out/>
  <testcase classname="TestNG.TestNG.ExtentReport.ExtentReportVersion4" name="backToPage" time="0.288"/>
  <system-out/>
  <testcase classname="TestNG.TestNG.ExtentReport.ExtentReportVersion4" name="forwardToPage" time="0.771"/>
  <system-out/>
</testsuite> <!-- TestNG.TestNG.ExtentReport.ExtentReportVersion4 -->
